<?xml version="1.0" encoding="UTF-8"?>
<testsuite name="com.shesthema.GGM.GgmApplicationTests" tests="1" skipped="0" failures="0" errors="0" timestamp="2022-06-02T08:42:19" hostname="SW2130" time="0.48">
  <properties/>
  <testcase name="contextLoads()" classname="com.shesthema.GGM.GgmApplicationTests" time="0.48"/>
  <system-out><![CDATA[17:42:15.879 [Test worker] DEBUG org.springframework.test.context.BootstrapUtils - Instantiating CacheAwareContextLoaderDelegate from class [org.springframework.test.context.cache.DefaultCacheAwareContextLoaderDelegate]
17:42:15.904 [Test worker] DEBUG org.springframework.test.context.BootstrapUtils - Instantiating BootstrapContext using constructor [public org.springframework.test.context.support.DefaultBootstrapContext(java.lang.Class,org.springframework.test.context.CacheAwareContextLoaderDelegate)]
17:42:15.965 [Test worker] DEBUG org.springframework.test.context.BootstrapUtils - Instantiating TestContextBootstrapper for test class [com.shesthema.GGM.GgmApplicationTests] from class [org.springframework.boot.test.context.SpringBootTestContextBootstrapper]
17:42:15.983 [Test worker] INFO org.springframework.boot.test.context.SpringBootTestContextBootstrapper - Neither @ContextConfiguration nor @ContextHierarchy found for test class [com.shesthema.GGM.GgmApplicationTests], using SpringBootContextLoader
17:42:15.991 [Test worker] DEBUG org.springframework.test.context.support.AbstractContextLoader - Did not detect default resource location for test class [com.shesthema.GGM.GgmApplicationTests]: class path resource [com/shesthema/GGM/GgmApplicationTests-context.xml] does not exist
17:42:15.992 [Test worker] DEBUG org.springframework.test.context.support.AbstractContextLoader - Did not detect default resource location for test class [com.shesthema.GGM.GgmApplicationTests]: class path resource [com/shesthema/GGM/GgmApplicationTestsContext.groovy] does not exist
17:42:15.992 [Test worker] INFO org.springframework.test.context.support.AbstractContextLoader - Could not detect default resource locations for test class [com.shesthema.GGM.GgmApplicationTests]: no resource found for suffixes {-context.xml, Context.groovy}.
17:42:15.994 [Test worker] INFO org.springframework.test.context.support.AnnotationConfigContextLoaderUtils - Could not detect default configuration classes for test class [com.shesthema.GGM.GgmApplicationTests]: GgmApplicationTests does not declare any static, non-private, non-final, nested classes annotated with @Configuration.
17:42:16.055 [Test worker] DEBUG org.springframework.test.context.support.ActiveProfilesUtils - Could not find an 'annotation declaring class' for annotation type [org.springframework.test.context.ActiveProfiles] and class [com.shesthema.GGM.GgmApplicationTests]
17:42:16.151 [Test worker] DEBUG org.springframework.context.annotation.ClassPathScanningCandidateComponentProvider - Identified candidate component class: file [C:\Users\SW2130\Desktop\전공동아리\GGM\build\classes\java\main\com\shesthema\GGM\GgmApplication.class]
17:42:16.153 [Test worker] INFO org.springframework.boot.test.context.SpringBootTestContextBootstrapper - Found @SpringBootConfiguration com.shesthema.GGM.GgmApplication for test class com.shesthema.GGM.GgmApplicationTests
17:42:16.351 [Test worker] DEBUG org.springframework.boot.test.context.SpringBootTestContextBootstrapper - @TestExecutionListeners is not present for class [com.shesthema.GGM.GgmApplicationTests]: using defaults.
17:42:16.355 [Test worker] INFO org.springframework.boot.test.context.SpringBootTestContextBootstrapper - Loaded default TestExecutionListener class names from location [META-INF/spring.factories]: [org.springframework.boot.test.autoconfigure.restdocs.RestDocsTestExecutionListener, org.springframework.boot.test.autoconfigure.web.client.MockRestServiceServerResetTestExecutionListener, org.springframework.boot.test.autoconfigure.web.servlet.MockMvcPrintOnlyOnFailureTestExecutionListener, org.springframework.boot.test.autoconfigure.web.servlet.WebDriverTestExecutionListener, org.springframework.boot.test.autoconfigure.webservices.client.MockWebServiceServerTestExecutionListener, org.springframework.boot.test.mock.mockito.MockitoTestExecutionListener, org.springframework.boot.test.mock.mockito.ResetMocksTestExecutionListener, org.springframework.test.context.web.ServletTestExecutionListener, org.springframework.test.context.support.DirtiesContextBeforeModesTestExecutionListener, org.springframework.test.context.event.ApplicationEventsTestExecutionListener, org.springframework.test.context.support.DependencyInjectionTestExecutionListener, org.springframework.test.context.support.DirtiesContextTestExecutionListener, org.springframework.test.context.transaction.TransactionalTestExecutionListener, org.springframework.test.context.jdbc.SqlScriptsTestExecutionListener, org.springframework.test.context.event.EventPublishingTestExecutionListener]
17:42:16.373 [Test worker] DEBUG org.springframework.boot.test.context.SpringBootTestContextBootstrapper - Skipping candidate TestExecutionListener [org.springframework.test.context.transaction.TransactionalTestExecutionListener] due to a missing dependency. Specify custom listener classes or make the default listener classes and their required dependencies available. Offending class: [org/springframework/transaction/interceptor/TransactionAttributeSource]
17:42:16.374 [Test worker] DEBUG org.springframework.boot.test.context.SpringBootTestContextBootstrapper - Skipping candidate TestExecutionListener [org.springframework.test.context.jdbc.SqlScriptsTestExecutionListener] due to a missing dependency. Specify custom listener classes or make the default listener classes and their required dependencies available. Offending class: [org/springframework/transaction/interceptor/TransactionAttribute]
17:42:16.374 [Test worker] INFO org.springframework.boot.test.context.SpringBootTestContextBootstrapper - Using TestExecutionListeners: [org.springframework.test.context.web.ServletTestExecutionListener@173b9122, org.springframework.test.context.support.DirtiesContextBeforeModesTestExecutionListener@7c18432b, org.springframework.test.context.event.ApplicationEventsTestExecutionListener@7646731d, org.springframework.boot.test.mock.mockito.MockitoTestExecutionListener@70e29e14, org.springframework.boot.test.autoconfigure.SpringBootDependencyInjectionTestExecutionListener@3b1bb3ab, org.springframework.test.context.support.DirtiesContextTestExecutionListener@5a4bef8, org.springframework.test.context.event.EventPublishingTestExecutionListener@40bffbca, org.springframework.boot.test.autoconfigure.restdocs.RestDocsTestExecutionListener@2449cff7, org.springframework.boot.test.autoconfigure.web.client.MockRestServiceServerResetTestExecutionListener@42a9a63e, org.springframework.boot.test.autoconfigure.web.servlet.MockMvcPrintOnlyOnFailureTestExecutionListener@62da83ed, org.springframework.boot.test.autoconfigure.web.servlet.WebDriverTestExecutionListener@5d8445d7, org.springframework.boot.test.autoconfigure.webservices.client.MockWebServiceServerTestExecutionListener@37d80fe7, org.springframework.boot.test.mock.mockito.ResetMocksTestExecutionListener@384fc774]
17:42:16.379 [Test worker] DEBUG org.springframework.test.context.support.AbstractDirtiesContextTestExecutionListener - Before test class: context [DefaultTestContext@2db2cd5 testClass = GgmApplicationTests, testInstance = [null], testMethod = [null], testException = [null], mergedContextConfiguration = [WebMergedContextConfiguration@70e659aa testClass = GgmApplicationTests, locations = '{}', classes = '{class com.shesthema.GGM.GgmApplication}', contextInitializerClasses = '[]', activeProfiles = '{}', propertySourceLocations = '{}', propertySourceProperties = '{org.springframework.boot.test.context.SpringBootTestContextBootstrapper=true}', contextCustomizers = set[org.springframework.boot.test.autoconfigure.actuate.metrics.MetricsExportContextCustomizerFactory$DisableMetricExportContextCustomizer@5d1659ea, org.springframework.boot.test.autoconfigure.properties.PropertyMappingContextCustomizer@0, org.springframework.boot.test.autoconfigure.web.servlet.WebDriverContextCustomizerFactory$Customizer@625abb97, org.springframework.boot.test.context.filter.ExcludeFilterContextCustomizer@55342f40, org.springframework.boot.test.json.DuplicateJsonObjectContextCustomizerFactory$DuplicateJsonObjectContextCustomizer@2a2c13a8, org.springframework.boot.test.mock.mockito.MockitoContextCustomizer@0, org.springframework.boot.test.web.client.TestRestTemplateContextCustomizer@3a3e4aff, org.springframework.boot.test.context.SpringBootTestArgs@1, org.springframework.boot.test.context.SpringBootTestWebEnvironment@5038d0b5], resourceBasePath = 'src/main/webapp', contextLoader = 'org.springframework.boot.test.context.SpringBootContextLoader', parent = [null]], attributes = map['org.springframework.test.context.web.ServletTestExecutionListener.activateListener' -> true]], class annotated with @DirtiesContext [false] with mode [null].

  .   ____          _            __ _ _
 /\\ / ___'_ __ _ _(_)_ __  __ _ \ \ \ \
( ( )\___ | '_ | '_| | '_ \/ _` | \ \ \ \
 \\/  ___)| |_)| | | | | || (_| |  ) ) ) )
  '  |____| .__|_| |_|_| |_\__, | / / / /
 =========|_|==============|___/=/_/_/_/
 :: Spring Boot ::                (v2.7.0)

2022-06-02 17:42:17.141  INFO 18192 --- [    Test worker] com.shesthema.GGM.GgmApplicationTests    : Starting GgmApplicationTests using Java 11.0.12 on SW2130 with PID 18192 (started by SW2130 in C:\Users\SW2130\Desktop\전공동아리\GGM)
2022-06-02 17:42:17.144  INFO 18192 --- [    Test worker] com.shesthema.GGM.GgmApplicationTests    : No active profile set, falling back to 1 default profile: "default"
2022-06-02 17:42:19.682  INFO 18192 --- [    Test worker] com.shesthema.GGM.GgmApplicationTests    : Started GgmApplicationTests in 3.251 seconds (JVM running for 5.753)
]]></system-out>
  <system-err><![CDATA[]]></system-err>
</testsuite>
